DEB [20230425-15:20:04.084] thr=1   paramiko.transport: starting thread (client mode): 0xdc82bb50
DEB [20230425-15:20:04.084] thr=1   paramiko.transport: Local version/idstring: SSH-2.0-paramiko_3.1.0
DEB [20230425-15:20:04.098] thr=1   paramiko.transport: Remote version/idstring: SSH-2.0-OpenSSH_7.4
INF [20230425-15:20:04.098] thr=1   paramiko.transport: Connected (version 2.0, client OpenSSH_7.4)
DEB [20230425-15:20:04.100] thr=1   paramiko.transport: === Key exchange possibilities ===
DEB [20230425-15:20:04.100] thr=1   paramiko.transport: kex algos: curve25519-sha256, curve25519-sha256@libssh.org, diffie-hellman-group16-sha512, diffie-hellman-group18-sha512, diffie-hellman-group-exchange-sha256
DEB [20230425-15:20:04.100] thr=1   paramiko.transport: server key: ssh-ed25519, ssh-rsa, rsa-sha2-512, rsa-sha2-256
DEB [20230425-15:20:04.100] thr=1   paramiko.transport: client encrypt: chacha20-poly1305@openssh.com, aes256-gcm@openssh.com, aes128-gcm@openssh.com, aes256-ctr, aes192-ctr, aes128-ctr
DEB [20230425-15:20:04.100] thr=1   paramiko.transport: server encrypt: chacha20-poly1305@openssh.com, aes256-gcm@openssh.com, aes128-gcm@openssh.com, aes256-ctr, aes192-ctr, aes128-ctr
DEB [20230425-15:20:04.100] thr=1   paramiko.transport: client mac: hmac-sha2-256-etm@openssh.com, hmac-sha2-512-etm@openssh.com, umac-128-etm@openssh.com, hmac-sha2-512
DEB [20230425-15:20:04.100] thr=1   paramiko.transport: server mac: hmac-sha2-256-etm@openssh.com, hmac-sha2-512-etm@openssh.com, umac-128-etm@openssh.com, hmac-sha2-512
DEB [20230425-15:20:04.100] thr=1   paramiko.transport: client compress: none, zlib@openssh.com
DEB [20230425-15:20:04.100] thr=1   paramiko.transport: server compress: none, zlib@openssh.com
DEB [20230425-15:20:04.100] thr=1   paramiko.transport: client lang: <none>
DEB [20230425-15:20:04.100] thr=1   paramiko.transport: server lang: <none>
DEB [20230425-15:20:04.100] thr=1   paramiko.transport: kex follows: False
DEB [20230425-15:20:04.100] thr=1   paramiko.transport: === Key exchange agreements ===
DEB [20230425-15:20:04.100] thr=1   paramiko.transport: Kex: curve25519-sha256@libssh.org
DEB [20230425-15:20:04.100] thr=1   paramiko.transport: HostKey: ssh-ed25519
DEB [20230425-15:20:04.101] thr=1   paramiko.transport: Cipher: aes128-ctr
DEB [20230425-15:20:04.101] thr=1   paramiko.transport: MAC: hmac-sha2-512
DEB [20230425-15:20:04.101] thr=1   paramiko.transport: Compression: none
DEB [20230425-15:20:04.101] thr=1   paramiko.transport: === End of kex handshake ===
DEB [20230425-15:20:04.152] thr=1   paramiko.transport: kex engine KexCurve25519 specified hash_algo <built-in function openssl_sha256>
DEB [20230425-15:20:04.153] thr=1   paramiko.transport: Switch to new keys ...
DEB [20230425-15:20:04.153] thr=2   paramiko.transport: Rejecting ssh-ed25519 host key for prod18-ars-diamant.integra.fr: b'cb18f1e91d2edcc10da057810508a4f7'
DEB [20230425-15:20:04.154] thr=1   paramiko.transport: Got EXT_INFO: {'server-sig-algs': b'rsa-sha2-256,rsa-sha2-512'}
DEB [20230425-15:23:48.611] thr=1   paramiko.transport: starting thread (client mode): 0x625d7b50
DEB [20230425-15:23:48.611] thr=1   paramiko.transport: Local version/idstring: SSH-2.0-paramiko_3.1.0
DEB [20230425-15:23:48.628] thr=1   paramiko.transport: Remote version/idstring: SSH-2.0-OpenSSH_7.4
INF [20230425-15:23:48.628] thr=1   paramiko.transport: Connected (version 2.0, client OpenSSH_7.4)
DEB [20230425-15:23:48.631] thr=1   paramiko.transport: === Key exchange possibilities ===
DEB [20230425-15:23:48.631] thr=1   paramiko.transport: kex algos: curve25519-sha256, curve25519-sha256@libssh.org, diffie-hellman-group16-sha512, diffie-hellman-group18-sha512, diffie-hellman-group-exchange-sha256
DEB [20230425-15:23:48.631] thr=1   paramiko.transport: server key: ssh-ed25519, ssh-rsa, rsa-sha2-512, rsa-sha2-256
DEB [20230425-15:23:48.631] thr=1   paramiko.transport: client encrypt: chacha20-poly1305@openssh.com, aes256-gcm@openssh.com, aes128-gcm@openssh.com, aes256-ctr, aes192-ctr, aes128-ctr
DEB [20230425-15:23:48.631] thr=1   paramiko.transport: server encrypt: chacha20-poly1305@openssh.com, aes256-gcm@openssh.com, aes128-gcm@openssh.com, aes256-ctr, aes192-ctr, aes128-ctr
DEB [20230425-15:23:48.631] thr=1   paramiko.transport: client mac: hmac-sha2-256-etm@openssh.com, hmac-sha2-512-etm@openssh.com, umac-128-etm@openssh.com, hmac-sha2-512
DEB [20230425-15:23:48.631] thr=1   paramiko.transport: server mac: hmac-sha2-256-etm@openssh.com, hmac-sha2-512-etm@openssh.com, umac-128-etm@openssh.com, hmac-sha2-512
DEB [20230425-15:23:48.631] thr=1   paramiko.transport: client compress: none, zlib@openssh.com
DEB [20230425-15:23:48.631] thr=1   paramiko.transport: server compress: none, zlib@openssh.com
DEB [20230425-15:23:48.631] thr=1   paramiko.transport: client lang: <none>
DEB [20230425-15:23:48.631] thr=1   paramiko.transport: server lang: <none>
DEB [20230425-15:23:48.631] thr=1   paramiko.transport: kex follows: False
DEB [20230425-15:23:48.631] thr=1   paramiko.transport: === Key exchange agreements ===
DEB [20230425-15:23:48.631] thr=1   paramiko.transport: Kex: curve25519-sha256@libssh.org
DEB [20230425-15:23:48.632] thr=1   paramiko.transport: HostKey: ssh-ed25519
DEB [20230425-15:23:48.632] thr=1   paramiko.transport: Cipher: aes128-ctr
DEB [20230425-15:23:48.632] thr=1   paramiko.transport: MAC: hmac-sha2-512
DEB [20230425-15:23:48.632] thr=1   paramiko.transport: Compression: none
DEB [20230425-15:23:48.632] thr=1   paramiko.transport: === End of kex handshake ===
DEB [20230425-15:23:48.684] thr=1   paramiko.transport: kex engine KexCurve25519 specified hash_algo <built-in function openssl_sha256>
DEB [20230425-15:23:48.684] thr=1   paramiko.transport: Switch to new keys ...
DEB [20230425-15:23:48.685] thr=2   paramiko.transport: Adding ssh-ed25519 host key for prod18-ars-diamant.integra.fr: b'cb18f1e91d2edcc10da057810508a4f7'
DEB [20230425-15:23:48.685] thr=1   paramiko.transport: Got EXT_INFO: {'server-sig-algs': b'rsa-sha2-256,rsa-sha2-512'}
DEB [20230425-15:23:48.727] thr=1   paramiko.transport: userauth is OK
INF [20230425-15:23:48.757] thr=1   paramiko.transport: Authentication (password) failed.
DEB [20230426-09:12:46.254] thr=1   paramiko.transport: starting thread (client mode): 0x48ca4b50
DEB [20230426-09:12:46.255] thr=1   paramiko.transport: Local version/idstring: SSH-2.0-paramiko_3.1.0
DEB [20230426-09:12:46.270] thr=1   paramiko.transport: Remote version/idstring: SSH-2.0-OpenSSH_7.4
INF [20230426-09:12:46.271] thr=1   paramiko.transport: Connected (version 2.0, client OpenSSH_7.4)
DEB [20230426-09:12:46.273] thr=1   paramiko.transport: === Key exchange possibilities ===
DEB [20230426-09:12:46.273] thr=1   paramiko.transport: kex algos: curve25519-sha256, curve25519-sha256@libssh.org, diffie-hellman-group16-sha512, diffie-hellman-group18-sha512, diffie-hellman-group-exchange-sha256
DEB [20230426-09:12:46.273] thr=1   paramiko.transport: server key: ssh-ed25519, ssh-rsa, rsa-sha2-512, rsa-sha2-256
DEB [20230426-09:12:46.273] thr=1   paramiko.transport: client encrypt: chacha20-poly1305@openssh.com, aes256-gcm@openssh.com, aes128-gcm@openssh.com, aes256-ctr, aes192-ctr, aes128-ctr
DEB [20230426-09:12:46.274] thr=1   paramiko.transport: server encrypt: chacha20-poly1305@openssh.com, aes256-gcm@openssh.com, aes128-gcm@openssh.com, aes256-ctr, aes192-ctr, aes128-ctr
DEB [20230426-09:12:46.274] thr=1   paramiko.transport: client mac: hmac-sha2-256-etm@openssh.com, hmac-sha2-512-etm@openssh.com, umac-128-etm@openssh.com, hmac-sha2-512
DEB [20230426-09:12:46.274] thr=1   paramiko.transport: server mac: hmac-sha2-256-etm@openssh.com, hmac-sha2-512-etm@openssh.com, umac-128-etm@openssh.com, hmac-sha2-512
DEB [20230426-09:12:46.274] thr=1   paramiko.transport: client compress: none, zlib@openssh.com
DEB [20230426-09:12:46.274] thr=1   paramiko.transport: server compress: none, zlib@openssh.com
DEB [20230426-09:12:46.274] thr=1   paramiko.transport: client lang: <none>
DEB [20230426-09:12:46.274] thr=1   paramiko.transport: server lang: <none>
DEB [20230426-09:12:46.274] thr=1   paramiko.transport: kex follows: False
DEB [20230426-09:12:46.274] thr=1   paramiko.transport: === Key exchange agreements ===
DEB [20230426-09:12:46.274] thr=1   paramiko.transport: Kex: curve25519-sha256@libssh.org
DEB [20230426-09:12:46.274] thr=1   paramiko.transport: HostKey: ssh-ed25519
DEB [20230426-09:12:46.274] thr=1   paramiko.transport: Cipher: aes128-ctr
DEB [20230426-09:12:46.274] thr=1   paramiko.transport: MAC: hmac-sha2-512
DEB [20230426-09:12:46.274] thr=1   paramiko.transport: Compression: none
DEB [20230426-09:12:46.274] thr=1   paramiko.transport: === End of kex handshake ===
DEB [20230426-09:12:46.322] thr=1   paramiko.transport: kex engine KexCurve25519 specified hash_algo <built-in function openssl_sha256>
DEB [20230426-09:12:46.323] thr=1   paramiko.transport: Switch to new keys ...
DEB [20230426-09:12:46.324] thr=1   paramiko.transport: Got EXT_INFO: {'server-sig-algs': b'rsa-sha2-256,rsa-sha2-512'}
DEB [20230426-09:12:46.324] thr=2   paramiko.transport: Adding ssh-ed25519 host key for prod18-ars-diamant.integra.fr: b'cb18f1e91d2edcc10da057810508a4f7'
DEB [20230426-09:12:46.365] thr=1   paramiko.transport: userauth is OK
INF [20230426-09:12:46.412] thr=1   paramiko.transport: Authentication (password) failed.
DEB [20230426-09:27:59.705] thr=1   paramiko.transport: starting thread (client mode): 0xfd52fb50
DEB [20230426-09:27:59.705] thr=1   paramiko.transport: Local version/idstring: SSH-2.0-paramiko_3.1.0
DEB [20230426-09:27:59.717] thr=1   paramiko.transport: Remote version/idstring: SSH-2.0-OpenSSH_7.4
INF [20230426-09:27:59.717] thr=1   paramiko.transport: Connected (version 2.0, client OpenSSH_7.4)
DEB [20230426-09:27:59.718] thr=1   paramiko.transport: === Key exchange possibilities ===
DEB [20230426-09:27:59.718] thr=1   paramiko.transport: kex algos: curve25519-sha256, curve25519-sha256@libssh.org, diffie-hellman-group16-sha512, diffie-hellman-group18-sha512, diffie-hellman-group-exchange-sha256
DEB [20230426-09:27:59.718] thr=1   paramiko.transport: server key: ssh-ed25519, ssh-rsa, rsa-sha2-512, rsa-sha2-256
DEB [20230426-09:27:59.718] thr=1   paramiko.transport: client encrypt: chacha20-poly1305@openssh.com, aes256-gcm@openssh.com, aes128-gcm@openssh.com, aes256-ctr, aes192-ctr, aes128-ctr
DEB [20230426-09:27:59.718] thr=1   paramiko.transport: server encrypt: chacha20-poly1305@openssh.com, aes256-gcm@openssh.com, aes128-gcm@openssh.com, aes256-ctr, aes192-ctr, aes128-ctr
DEB [20230426-09:27:59.718] thr=1   paramiko.transport: client mac: hmac-sha2-256-etm@openssh.com, hmac-sha2-512-etm@openssh.com, umac-128-etm@openssh.com, hmac-sha2-512
DEB [20230426-09:27:59.719] thr=1   paramiko.transport: server mac: hmac-sha2-256-etm@openssh.com, hmac-sha2-512-etm@openssh.com, umac-128-etm@openssh.com, hmac-sha2-512
DEB [20230426-09:27:59.719] thr=1   paramiko.transport: client compress: none, zlib@openssh.com
DEB [20230426-09:27:59.719] thr=1   paramiko.transport: server compress: none, zlib@openssh.com
DEB [20230426-09:27:59.719] thr=1   paramiko.transport: client lang: <none>
DEB [20230426-09:27:59.719] thr=1   paramiko.transport: server lang: <none>
DEB [20230426-09:27:59.719] thr=1   paramiko.transport: kex follows: False
DEB [20230426-09:27:59.719] thr=1   paramiko.transport: === Key exchange agreements ===
DEB [20230426-09:27:59.719] thr=1   paramiko.transport: Kex: curve25519-sha256@libssh.org
DEB [20230426-09:27:59.719] thr=1   paramiko.transport: HostKey: ssh-ed25519
DEB [20230426-09:27:59.719] thr=1   paramiko.transport: Cipher: aes128-ctr
DEB [20230426-09:27:59.719] thr=1   paramiko.transport: MAC: hmac-sha2-512
DEB [20230426-09:27:59.719] thr=1   paramiko.transport: Compression: none
DEB [20230426-09:27:59.719] thr=1   paramiko.transport: === End of kex handshake ===
DEB [20230426-09:27:59.770] thr=1   paramiko.transport: kex engine KexCurve25519 specified hash_algo <built-in function openssl_sha256>
DEB [20230426-09:27:59.771] thr=1   paramiko.transport: Switch to new keys ...
DEB [20230426-09:27:59.771] thr=2   paramiko.transport: Adding ssh-ed25519 host key for prod18-ars-diamant.integra.fr: b'cb18f1e91d2edcc10da057810508a4f7'
DEB [20230426-09:27:59.772] thr=1   paramiko.transport: Got EXT_INFO: {'server-sig-algs': b'rsa-sha2-256,rsa-sha2-512'}
DEB [20230426-09:27:59.824] thr=2   paramiko.transport: Trying discovered key b'9e086f7e6070e5aefd81cfe201ec42bf' in /home/devdata/.ssh/id_rsa
DEB [20230426-09:27:59.829] thr=1   paramiko.transport: userauth is OK
DEB [20230426-09:27:59.829] thr=1   paramiko.transport: Finalizing pubkey algorithm for key of type 'ssh-rsa'
DEB [20230426-09:27:59.829] thr=1   paramiko.transport: Our pubkey algorithm list: ['rsa-sha2-512', 'rsa-sha2-256', 'ssh-rsa']
DEB [20230426-09:27:59.829] thr=1   paramiko.transport: Server-side algorithm list: ['rsa-sha2-256', 'rsa-sha2-512']
DEB [20230426-09:27:59.829] thr=1   paramiko.transport: Agreed upon 'rsa-sha2-512' pubkey algorithm
INF [20230426-09:27:59.869] thr=1   paramiko.transport: Authentication (publickey) successful!
DEB [20230426-09:27:59.870] thr=2   paramiko.transport: [chan 0] Max packet in: 32768 bytes
DEB [20230426-09:27:59.939] thr=1   paramiko.transport: Received global request "hostkeys-00@openssh.com"
DEB [20230426-09:27:59.939] thr=1   paramiko.transport: Rejecting "hostkeys-00@openssh.com" global request from server.
DEB [20230426-09:27:59.981] thr=1   paramiko.transport: [chan 0] Max packet out: 32768 bytes
DEB [20230426-09:27:59.981] thr=1   paramiko.transport: Secsh channel 0 opened.
DEB [20230426-09:27:59.985] thr=1   paramiko.transport: [chan 0] Sesch channel 0 request ok
INF [20230426-09:27:59.988] thr=2   paramiko.transport.sftp: [chan 0] Opened sftp connection (server version 3)
DEB [20230426-09:29:48.954] thr=1   paramiko.transport: starting thread (client mode): 0x8f8a9b50
DEB [20230426-09:29:48.954] thr=1   paramiko.transport: Local version/idstring: SSH-2.0-paramiko_3.1.0
DEB [20230426-09:29:48.966] thr=1   paramiko.transport: Remote version/idstring: SSH-2.0-OpenSSH_7.4
INF [20230426-09:29:48.966] thr=1   paramiko.transport: Connected (version 2.0, client OpenSSH_7.4)
DEB [20230426-09:29:48.968] thr=1   paramiko.transport: === Key exchange possibilities ===
DEB [20230426-09:29:48.968] thr=1   paramiko.transport: kex algos: curve25519-sha256, curve25519-sha256@libssh.org, diffie-hellman-group16-sha512, diffie-hellman-group18-sha512, diffie-hellman-group-exchange-sha256
DEB [20230426-09:29:48.968] thr=1   paramiko.transport: server key: ssh-ed25519, ssh-rsa, rsa-sha2-512, rsa-sha2-256
DEB [20230426-09:29:48.968] thr=1   paramiko.transport: client encrypt: chacha20-poly1305@openssh.com, aes256-gcm@openssh.com, aes128-gcm@openssh.com, aes256-ctr, aes192-ctr, aes128-ctr
DEB [20230426-09:29:48.968] thr=1   paramiko.transport: server encrypt: chacha20-poly1305@openssh.com, aes256-gcm@openssh.com, aes128-gcm@openssh.com, aes256-ctr, aes192-ctr, aes128-ctr
DEB [20230426-09:29:48.968] thr=1   paramiko.transport: client mac: hmac-sha2-256-etm@openssh.com, hmac-sha2-512-etm@openssh.com, umac-128-etm@openssh.com, hmac-sha2-512
DEB [20230426-09:29:48.968] thr=1   paramiko.transport: server mac: hmac-sha2-256-etm@openssh.com, hmac-sha2-512-etm@openssh.com, umac-128-etm@openssh.com, hmac-sha2-512
DEB [20230426-09:29:48.968] thr=1   paramiko.transport: client compress: none, zlib@openssh.com
DEB [20230426-09:29:48.968] thr=1   paramiko.transport: server compress: none, zlib@openssh.com
DEB [20230426-09:29:48.968] thr=1   paramiko.transport: client lang: <none>
DEB [20230426-09:29:48.968] thr=1   paramiko.transport: server lang: <none>
DEB [20230426-09:29:48.968] thr=1   paramiko.transport: kex follows: False
DEB [20230426-09:29:48.968] thr=1   paramiko.transport: === Key exchange agreements ===
DEB [20230426-09:29:48.968] thr=1   paramiko.transport: Kex: curve25519-sha256@libssh.org
DEB [20230426-09:29:48.969] thr=1   paramiko.transport: HostKey: ssh-ed25519
DEB [20230426-09:29:48.969] thr=1   paramiko.transport: Cipher: aes128-ctr
DEB [20230426-09:29:48.969] thr=1   paramiko.transport: MAC: hmac-sha2-512
DEB [20230426-09:29:48.969] thr=1   paramiko.transport: Compression: none
DEB [20230426-09:29:48.969] thr=1   paramiko.transport: === End of kex handshake ===
DEB [20230426-09:29:49.018] thr=1   paramiko.transport: kex engine KexCurve25519 specified hash_algo <built-in function openssl_sha256>
DEB [20230426-09:29:49.019] thr=1   paramiko.transport: Switch to new keys ...
DEB [20230426-09:29:49.019] thr=2   paramiko.transport: Adding ssh-ed25519 host key for prod18-ars-diamant.integra.fr: b'cb18f1e91d2edcc10da057810508a4f7'
DEB [20230426-09:29:49.020] thr=1   paramiko.transport: Got EXT_INFO: {'server-sig-algs': b'rsa-sha2-256,rsa-sha2-512'}
DEB [20230426-09:29:49.077] thr=2   paramiko.transport: Trying discovered key b'9e086f7e6070e5aefd81cfe201ec42bf' in /home/devdata/.ssh/id_rsa
DEB [20230426-09:29:49.079] thr=1   paramiko.transport: userauth is OK
DEB [20230426-09:29:49.080] thr=1   paramiko.transport: Finalizing pubkey algorithm for key of type 'ssh-rsa'
DEB [20230426-09:29:49.080] thr=1   paramiko.transport: Our pubkey algorithm list: ['rsa-sha2-512', 'rsa-sha2-256', 'ssh-rsa']
DEB [20230426-09:29:49.080] thr=1   paramiko.transport: Server-side algorithm list: ['rsa-sha2-256', 'rsa-sha2-512']
DEB [20230426-09:29:49.080] thr=1   paramiko.transport: Agreed upon 'rsa-sha2-512' pubkey algorithm
INF [20230426-09:29:49.094] thr=1   paramiko.transport: Authentication (publickey) successful!
DEB [20230426-09:29:49.095] thr=2   paramiko.transport: [chan 0] Max packet in: 32768 bytes
DEB [20230426-09:29:49.159] thr=1   paramiko.transport: Received global request "hostkeys-00@openssh.com"
DEB [20230426-09:29:49.159] thr=1   paramiko.transport: Rejecting "hostkeys-00@openssh.com" global request from server.
DEB [20230426-09:29:49.201] thr=1   paramiko.transport: [chan 0] Max packet out: 32768 bytes
DEB [20230426-09:29:49.201] thr=1   paramiko.transport: Secsh channel 0 opened.
DEB [20230426-09:29:49.205] thr=1   paramiko.transport: [chan 0] Sesch channel 0 request ok
INF [20230426-09:29:49.209] thr=2   paramiko.transport.sftp: [chan 0] Opened sftp connection (server version 3)
DEB [20230426-09:29:49.209] thr=2   paramiko.transport.sftp: [chan 0] open(b'/SCN_BDD/SIREC/MAY_26042023.xlsx', 'wb')
DEB [20230426-09:29:49.211] thr=2   paramiko.transport.sftp: [chan 0] open(b'/SCN_BDD/SIREC/MAY_26042023.xlsx', 'wb') -> 00000000
DEB [20230426-09:29:49.212] thr=2   paramiko.transport.sftp: [chan 0] close(00000000)
DEB [20230426-09:29:49.217] thr=2   paramiko.transport.sftp: [chan 0] stat(b'/SCN_BDD/SIREC/MAY_26042023.xlsx')
DEB [20230426-09:32:09.587] thr=1   paramiko.transport: starting thread (client mode): 0x606ab50
DEB [20230426-09:32:09.587] thr=1   paramiko.transport: Local version/idstring: SSH-2.0-paramiko_3.1.0
DEB [20230426-09:32:09.598] thr=1   paramiko.transport: Remote version/idstring: SSH-2.0-OpenSSH_7.4
INF [20230426-09:32:09.598] thr=1   paramiko.transport: Connected (version 2.0, client OpenSSH_7.4)
DEB [20230426-09:32:09.600] thr=1   paramiko.transport: === Key exchange possibilities ===
DEB [20230426-09:32:09.600] thr=1   paramiko.transport: kex algos: curve25519-sha256, curve25519-sha256@libssh.org, diffie-hellman-group16-sha512, diffie-hellman-group18-sha512, diffie-hellman-group-exchange-sha256
DEB [20230426-09:32:09.600] thr=1   paramiko.transport: server key: ssh-ed25519, ssh-rsa, rsa-sha2-512, rsa-sha2-256
DEB [20230426-09:32:09.600] thr=1   paramiko.transport: client encrypt: chacha20-poly1305@openssh.com, aes256-gcm@openssh.com, aes128-gcm@openssh.com, aes256-ctr, aes192-ctr, aes128-ctr
DEB [20230426-09:32:09.600] thr=1   paramiko.transport: server encrypt: chacha20-poly1305@openssh.com, aes256-gcm@openssh.com, aes128-gcm@openssh.com, aes256-ctr, aes192-ctr, aes128-ctr
DEB [20230426-09:32:09.600] thr=1   paramiko.transport: client mac: hmac-sha2-256-etm@openssh.com, hmac-sha2-512-etm@openssh.com, umac-128-etm@openssh.com, hmac-sha2-512
DEB [20230426-09:32:09.600] thr=1   paramiko.transport: server mac: hmac-sha2-256-etm@openssh.com, hmac-sha2-512-etm@openssh.com, umac-128-etm@openssh.com, hmac-sha2-512
DEB [20230426-09:32:09.600] thr=1   paramiko.transport: client compress: none, zlib@openssh.com
DEB [20230426-09:32:09.601] thr=1   paramiko.transport: server compress: none, zlib@openssh.com
DEB [20230426-09:32:09.601] thr=1   paramiko.transport: client lang: <none>
DEB [20230426-09:32:09.601] thr=1   paramiko.transport: server lang: <none>
DEB [20230426-09:32:09.601] thr=1   paramiko.transport: kex follows: False
DEB [20230426-09:32:09.601] thr=1   paramiko.transport: === Key exchange agreements ===
DEB [20230426-09:32:09.601] thr=1   paramiko.transport: Kex: curve25519-sha256@libssh.org
DEB [20230426-09:32:09.601] thr=1   paramiko.transport: HostKey: ssh-ed25519
DEB [20230426-09:32:09.601] thr=1   paramiko.transport: Cipher: aes128-ctr
DEB [20230426-09:32:09.601] thr=1   paramiko.transport: MAC: hmac-sha2-512
DEB [20230426-09:32:09.601] thr=1   paramiko.transport: Compression: none
DEB [20230426-09:32:09.601] thr=1   paramiko.transport: === End of kex handshake ===
DEB [20230426-09:32:09.648] thr=1   paramiko.transport: kex engine KexCurve25519 specified hash_algo <built-in function openssl_sha256>
DEB [20230426-09:32:09.649] thr=1   paramiko.transport: Switch to new keys ...
DEB [20230426-09:32:09.649] thr=2   paramiko.transport: Adding ssh-ed25519 host key for prod18-ars-diamant.integra.fr: b'cb18f1e91d2edcc10da057810508a4f7'
DEB [20230426-09:32:09.650] thr=1   paramiko.transport: Got EXT_INFO: {'server-sig-algs': b'rsa-sha2-256,rsa-sha2-512'}
DEB [20230426-09:32:09.702] thr=2   paramiko.transport: Trying discovered key b'9e086f7e6070e5aefd81cfe201ec42bf' in /home/devdata/.ssh/id_rsa
DEB [20230426-09:32:09.705] thr=1   paramiko.transport: userauth is OK
DEB [20230426-09:32:09.705] thr=1   paramiko.transport: Finalizing pubkey algorithm for key of type 'ssh-rsa'
DEB [20230426-09:32:09.705] thr=1   paramiko.transport: Our pubkey algorithm list: ['rsa-sha2-512', 'rsa-sha2-256', 'ssh-rsa']
DEB [20230426-09:32:09.705] thr=1   paramiko.transport: Server-side algorithm list: ['rsa-sha2-256', 'rsa-sha2-512']
DEB [20230426-09:32:09.705] thr=1   paramiko.transport: Agreed upon 'rsa-sha2-512' pubkey algorithm
INF [20230426-09:32:09.717] thr=1   paramiko.transport: Authentication (publickey) successful!
DEB [20230426-09:32:09.718] thr=2   paramiko.transport: [chan 0] Max packet in: 32768 bytes
DEB [20230426-09:32:09.781] thr=1   paramiko.transport: Received global request "hostkeys-00@openssh.com"
DEB [20230426-09:32:09.781] thr=1   paramiko.transport: Rejecting "hostkeys-00@openssh.com" global request from server.
DEB [20230426-09:32:09.823] thr=1   paramiko.transport: [chan 0] Max packet out: 32768 bytes
DEB [20230426-09:32:09.823] thr=1   paramiko.transport: Secsh channel 0 opened.
DEB [20230426-09:32:09.827] thr=1   paramiko.transport: [chan 0] Sesch channel 0 request ok
INF [20230426-09:32:09.831] thr=2   paramiko.transport.sftp: [chan 0] Opened sftp connection (server version 3)
DEB [20230426-09:32:09.831] thr=2   paramiko.transport.sftp: [chan 0] open(b'/SCN_BDD/SIREC/MAY_26042023.xlsx', 'wb')
DEB [20230426-09:32:09.838] thr=2   paramiko.transport.sftp: [chan 0] open(b'/SCN_BDD/SIREC/MAY_26042023.xlsx', 'wb') -> 00000000
DEB [20230426-09:32:09.839] thr=2   paramiko.transport.sftp: [chan 0] close(00000000)
DEB [20230426-09:32:09.843] thr=2   paramiko.transport.sftp: [chan 0] stat(b'/SCN_BDD/SIREC/MAY_26042023.xlsx')
